  [4;36;1mSQL (0.3ms)[0m   [0;1m SELECT name
 FROM sqlite_master
 WHERE type = 'table' AND NOT name = 'sqlite_sequence'
[0m
  [4;35;1mSQL (0.1ms)[0m   [0mselect sqlite_version(*)[0m
  [4;36;1mSQL (45.8ms)[0m   [0;1mCREATE TABLE "schema_migrations" ("version" varchar(255) NOT NULL) [0m
  [4;35;1mSQL (0.1ms)[0m   [0mPRAGMA index_list("schema_migrations")[0m
  [4;36;1mSQL (24.4ms)[0m   [0;1mCREATE UNIQUE INDEX "unique_schema_migrations" ON "schema_migrations" ("version")[0m
  [4;35;1mSQL (0.2ms)[0m   [0m SELECT name
 FROM sqlite_master
 WHERE type = 'table' AND NOT name = 'sqlite_sequence'
[0m
  [4;36;1mSQL (0.1ms)[0m   [0;1mSELECT version FROM schema_migrations[0m
Migrating to CreateLocations (20130122111052)
  [4;35;1mSQL (0.5ms)[0m   [0mCREATE TABLE "locations" ("id" INTEGER PRIMARY KEY AUTOINCREMENT NOT NULL, "latitude" varchar(255), "longitude" varchar(255), "address" varchar(255), "created_at" datetime, "updated_at" datetime) [0m
  [4;36;1mSQL (0.1ms)[0m   [0;1mINSERT INTO schema_migrations (version) VALUES ('20130122111052')[0m
  [4;35;1mSQL (0.3ms)[0m   [0m SELECT name
 FROM sqlite_master
 WHERE type = 'table' AND NOT name = 'sqlite_sequence'
[0m
  [4;36;1mSQL (0.2ms)[0m   [0;1mSELECT version FROM schema_migrations[0m
  [4;35;1mSQL (0.2ms)[0m   [0m SELECT name
 FROM sqlite_master
 WHERE type = 'table' AND NOT name = 'sqlite_sequence'
[0m
  [4;36;1mSQL (0.1ms)[0m   [0;1mPRAGMA index_list("locations")[0m


Processing LocationsController#index (for 127.0.0.1 at 2013-01-22 16:46:55) [GET]
  [4;36;1mLocation Load (0.4ms)[0m   [0;1mSELECT * FROM "locations" [0m
Rendering template within layouts/locations
Rendering locations/index
Completed in 57ms (View: 54, DB: 0) | 200 OK [http://localhost/]


Processing LocationsController#index (for 127.0.0.1 at 2013-01-22 16:49:16) [GET]
  [4;36;1mLocation Load (0.4ms)[0m   [0;1mSELECT * FROM "locations" [0m
Rendering template within layouts/locations
Rendering locations/index
Completed in 53ms (View: 9, DB: 0) | 200 OK [http://localhost/]


Processing LocationsController#index (for 127.0.0.1 at 2013-01-22 16:50:30) [GET]
  [4;35;1mLocation Load (0.3ms)[0m   [0mSELECT * FROM "locations" [0m
Rendering template within layouts/locations
Rendering locations/index
Completed in 5ms (View: 1, DB: 0) | 200 OK [http://localhost/]


Processing LocationsController#index (for 127.0.0.1 at 2013-01-22 16:54:33) [GET]
  [4;36;1mLocation Load (0.3ms)[0m   [0;1mSELECT * FROM "locations" [0m
Rendering template within layouts/locations
Rendering locations/index
Completed in 4ms (View: 1, DB: 0) | 200 OK [http://localhost/]


Processing LocationsController#index (for 127.0.0.1 at 2013-01-22 16:54:36) [GET]
  [4;35;1mLocation Load (0.2ms)[0m   [0mSELECT * FROM "locations" [0m
Rendering template within layouts/locations
Rendering locations/index
Completed in 4ms (View: 1, DB: 0) | 200 OK [http://localhost/]


Processing LocationsController#index (for 127.0.0.1 at 2013-01-22 16:54:47) [GET]
  [4;36;1mLocation Load (0.4ms)[0m   [0;1mSELECT * FROM "locations" [0m
Rendering template within layouts/locations
Rendering locations/index
Completed in 56ms (View: 9, DB: 0) | 200 OK [http://localhost/]


Processing ApplicationController#index (for 127.0.0.1 at 2013-01-22 16:54:49) [GET]

ActionController::RoutingError (No route matches "/markercluster.js" with {:method=>:get}):
  

Rendering rescues/layout (not_found)


Processing ApplicationController#index (for 127.0.0.1 at 2013-01-22 16:55:05) [GET]

ActionController::RoutingError (No route matches "/public/markercluster.js" with {:method=>:get}):
  

Rendering rescues/layout (not_found)


Processing ApplicationController#index (for 127.0.0.1 at 2013-01-22 16:55:14) [GET]

ActionController::RoutingError (No route matches "/public/javascripts/markercluster.js" with {:method=>:get}):
  

Rendering rescues/layout (not_found)


Processing ApplicationController#index (for 127.0.0.1 at 2013-01-22 16:55:55) [GET]

ActionController::RoutingError (No route matches "/public/javascripts/markercluster.js" with {:method=>:get}):
  

Rendering rescues/layout (not_found)


Processing ApplicationController#index (for 127.0.0.1 at 2013-01-22 16:55:59) [GET]

ActionController::RoutingError (No route matches "/public/javascripts/markerclusterer.js" with {:method=>:get}):
  

Rendering rescues/layout (not_found)


Processing ApplicationController#index (for 127.0.0.1 at 2013-01-22 16:56:08) [GET]

ActionController::RoutingError (No route matches "/markerclusterer.js" with {:method=>:get}):
  

Rendering rescues/layout (not_found)


Processing ApplicationController#index (for 127.0.0.1 at 2013-01-22 16:56:12) [GET]

ActionController::RoutingError (No route matches "/markerclusterer.js" with {:method=>:get}):
  

Rendering rescues/layout (not_found)


Processing ApplicationController#index (for 127.0.0.1 at 2013-01-22 16:56:22) [GET]

ActionController::RoutingError (No route matches "/markerclusterer.js" with {:method=>:get}):
  

Rendering rescues/layout (not_found)


Processing ApplicationController#index (for 127.0.0.1 at 2013-01-22 16:57:54) [GET]

ActionController::RoutingError (No route matches "/markerclusterer.js" with {:method=>:get}):
  

Rendering rescues/layout (not_found)


Processing ApplicationController#index (for 127.0.0.1 at 2013-01-22 16:58:01) [GET]

ActionController::RoutingError (No route matches "/public/markerclusterer.js" with {:method=>:get}):
  

Rendering rescues/layout (not_found)


Processing ApplicationController#index (for 127.0.0.1 at 2013-01-22 16:58:40) [GET]

ActionController::RoutingError (No route matches "/public/hello.html" with {:method=>:get}):
  

Rendering rescues/layout (not_found)


Processing ApplicationController#index (for 127.0.0.1 at 2013-01-22 16:58:58) [GET]

ActionController::RoutingError (No route matches "/markerclusterer.js" with {:method=>:get}):
  

Rendering rescues/layout (not_found)


Processing ApplicationController#index (for 127.0.0.1 at 2013-01-22 16:59:13) [GET]

ActionController::RoutingError (No route matches "/public/javascripts/markerclusterer.js" with {:method=>:get}):
  

Rendering rescues/layout (not_found)


Processing LocationsController#index (for 127.0.0.1 at 2013-01-22 17:00:35) [GET]
  [4;35;1mLocation Load (0.3ms)[0m   [0mSELECT * FROM "locations" [0m
Rendering template within layouts/locations
Rendering locations/index
Completed in 5ms (View: 1, DB: 0) | 200 OK [http://localhost/]


Processing ApplicationController#index (for 127.0.0.1 at 2013-01-22 17:00:35) [GET]

ActionController::RoutingError (No route matches "/markercluster.js" with {:method=>:get}):
  

Rendering rescues/layout (not_found)


Processing LocationsController#index (for 127.0.0.1 at 2013-01-22 17:00:42) [GET]
  [4;36;1mLocation Load (0.2ms)[0m   [0;1mSELECT * FROM "locations" [0m
Rendering template within layouts/locations
Rendering locations/index
Completed in 4ms (View: 1, DB: 0) | 200 OK [http://localhost/]


Processing ApplicationController#index (for 127.0.0.1 at 2013-01-22 17:00:45) [GET]

ActionController::RoutingError (No route matches "/markercluster.js" with {:method=>:get}):
  

Rendering rescues/layout (not_found)


Processing LocationsController#index (for 127.0.0.1 at 2013-01-22 17:01:10) [GET]
  [4;36;1mLocation Load (0.4ms)[0m   [0;1mSELECT * FROM "locations" [0m
Rendering template within layouts/locations
Rendering locations/index
Completed in 57ms (View: 9, DB: 0) | 200 OK [http://localhost/]


Processing LocationsController#index (for 127.0.0.1 at 2013-01-22 17:01:18) [GET]
  [4;35;1mLocation Load (0.2ms)[0m   [0mSELECT * FROM "locations" [0m
Rendering template within layouts/locations
Rendering locations/index
Completed in 4ms (View: 1, DB: 0) | 200 OK [http://localhost/]


Processing LocationsController#index (for 127.0.0.1 at 2013-01-22 17:01:25) [GET]
  [4;36;1mLocation Load (0.3ms)[0m   [0;1mSELECT * FROM "locations" [0m
Rendering template within layouts/locations
Rendering locations/index
Completed in 4ms (View: 1, DB: 0) | 200 OK [http://localhost/]


Processing LocationsController#index (for 127.0.0.1 at 2013-01-22 17:03:03) [GET]
  [4;35;1mLocation Load (0.3ms)[0m   [0mSELECT * FROM "locations" [0m
Rendering template within layouts/locations
Rendering locations/index
Completed in 7ms (View: 4, DB: 0) | 200 OK [http://localhost/]


Processing LocationsController#index (for 127.0.0.1 at 2013-01-22 17:03:15) [GET]
  [4;36;1mLocation Load (0.3ms)[0m   [0;1mSELECT * FROM "locations" [0m
Rendering template within layouts/locations
Rendering locations/index
Completed in 11ms (View: 6, DB: 0) | 200 OK [http://localhost/]


Processing LocationsController#index (for 127.0.0.1 at 2013-01-22 17:04:02) [GET]
  [4;35;1mLocation Load (0.3ms)[0m   [0mSELECT * FROM "locations" [0m
Rendering template within layouts/locations
Rendering locations/index
Completed in 8ms (View: 4, DB: 0) | 200 OK [http://localhost/]


Processing LocationsController#index (for 127.0.0.1 at 2013-01-22 17:04:05) [GET]
  [4;36;1mLocation Load (0.3ms)[0m   [0;1mSELECT * FROM "locations" [0m
Rendering template within layouts/locations
Rendering locations/index
Completed in 5ms (View: 2, DB: 0) | 200 OK [http://localhost/]


Processing LocationsController#index (for 127.0.0.1 at 2013-01-22 17:04:09) [GET]
  [4;35;1mLocation Load (1.0ms)[0m   [0mSELECT * FROM "locations" [0m
Rendering template within layouts/locations
Rendering locations/index
Completed in 7ms (View: 2, DB: 1) | 200 OK [http://localhost/]


Processing LocationsController#index (for 127.0.0.1 at 2013-01-22 17:04:16) [GET]
  [4;36;1mLocation Load (0.3ms)[0m   [0;1mSELECT * FROM "locations" [0m
Rendering template within layouts/locations
Rendering locations/index
Completed in 7ms (View: 2, DB: 0) | 200 OK [http://localhost/]


Processing LocationsController#index (for 127.0.0.1 at 2013-01-22 17:06:50) [GET]
  [4;35;1mLocation Load (0.3ms)[0m   [0mSELECT * FROM "locations" [0m
Rendering template within layouts/locations
Rendering locations/index
Completed in 10ms (View: 5, DB: 0) | 200 OK [http://localhost/]


Processing LocationsController#index (for 127.0.0.1 at 2013-01-22 17:07:25) [GET]
  [4;36;1mLocation Load (0.3ms)[0m   [0;1mSELECT * FROM "locations" [0m
Rendering template within layouts/locations
Rendering locations/index
Completed in 8ms (View: 4, DB: 0) | 200 OK [http://localhost/]


Processing LocationsController#index (for 127.0.0.1 at 2013-01-22 17:07:27) [GET]
  [4;35;1mLocation Load (0.3ms)[0m   [0mSELECT * FROM "locations" [0m
Rendering template within layouts/locations
Rendering locations/index
Completed in 6ms (View: 2, DB: 0) | 200 OK [http://localhost/]


Processing LocationsController#index (for 127.0.0.1 at 2013-01-22 17:07:31) [GET]
  [4;36;1mLocation Load (0.3ms)[0m   [0;1mSELECT * FROM "locations" [0m
Rendering template within layouts/locations
Rendering locations/index
Completed in 5ms (View: 1, DB: 0) | 200 OK [http://localhost/]


Processing LocationsController#index (for 127.0.0.1 at 2013-01-22 17:07:34) [GET]
  [4;35;1mLocation Load (0.4ms)[0m   [0mSELECT * FROM "locations" [0m
Rendering template within layouts/locations
Rendering locations/index
Completed in 7ms (View: 2, DB: 0) | 200 OK [http://localhost/]


Processing LocationsController#index (for 127.0.0.1 at 2013-01-22 17:08:44) [GET]
  [4;36;1mLocation Load (0.3ms)[0m   [0;1mSELECT * FROM "locations" [0m
Rendering template within layouts/locations
Rendering locations/index
Completed in 48ms (View: 44, DB: 0) | 200 OK [http://localhost/]


Processing ApplicationController#index (for 127.0.0.1 at 2013-01-22 17:08:56) [GET]

ActionController::RoutingError (No route matches "/url_for_info_content" with {:method=>:get}):
  

Rendering rescues/layout (not_found)


Processing LocationsController#index (for 127.0.0.1 at 2013-01-22 17:13:28) [GET]
  [4;35;1mLocation Load (0.3ms)[0m   [0mSELECT * FROM "locations" [0m
Rendering template within layouts/locations
Rendering locations/index
Completed in 5ms (View: 2, DB: 0) | 200 OK [http://localhost/]


Processing ApplicationController#index (for 127.0.0.1 at 2013-01-22 17:13:33) [GET]

ActionController::RoutingError (No route matches "/url_for_info_content" with {:method=>:get}):
  

Rendering rescues/layout (not_found)


Processing LocationsController#index (for 127.0.0.1 at 2013-01-22 17:14:08) [GET]
  [4;36;1mLocation Load (0.2ms)[0m   [0;1mSELECT * FROM "locations" [0m
Rendering template within layouts/locations
Rendering locations/index
Completed in 7ms (View: 4, DB: 0) | 200 OK [http://localhost/]


Processing ApplicationController#index (for 127.0.0.1 at 2013-01-22 17:14:12) [GET]

ActionController::RoutingError (No route matches "/url_for_info_content" with {:method=>:get}):
  

Rendering rescues/layout (not_found)
  [4;36;1mLocation Create (0.3ms)[0m   [0;1mINSERT INTO "locations" ("longitude", "updated_at", "created_at", "latitude", "address") VALUES('78.042086', '2013-01-22 11:48:01', '2013-01-22 11:48:01', '27.173006', 'taj_mahal')[0m
  [4;35;1mLocation Create (0.1ms)[0m   [0mINSERT INTO "locations" ("longitude", "updated_at", "created_at", "latitude", "address") VALUES('77.201353', '2013-01-22 11:48:01', '2013-01-22 11:48:01', '28.614309', 'raj_bhawan')[0m


Processing LocationsController#index (for 127.0.0.1 at 2013-01-22 17:18:09) [GET]
  [4;36;1mLocation Load (0.5ms)[0m   [0;1mSELECT * FROM "locations" [0m
Rendering template within layouts/locations
Rendering locations/index
Completed in 81ms (View: 32, DB: 0) | 200 OK [http://localhost/]


Processing LocationsController#index (for 127.0.0.1 at 2013-01-22 17:18:56) [GET]
  [4;35;1mLocation Load (0.3ms)[0m   [0mSELECT * FROM "locations" [0m
Rendering template within layouts/locations
Rendering locations/index
Completed in 10ms (View: 7, DB: 0) | 200 OK [http://localhost/]


Processing LocationsController#show (for 127.0.0.1 at 2013-01-22 17:19:00) [GET]
  Parameters: {"id"=>"2"}
  [4;36;1mLocation Load (0.1ms)[0m   [0;1mSELECT * FROM "locations" WHERE ("locations"."id" = 2) [0m
Rendering template within layouts/locations
Rendering locations/show
Completed in 8ms (View: 4, DB: 0) | 200 OK [http://localhost/locations/2]


Processing LocationsController#index (for 127.0.0.1 at 2013-01-22 17:28:33) [GET]
  [4;35;1mLocation Load (0.3ms)[0m   [0mSELECT * FROM "locations" [0m
Rendering template within layouts/locations
Rendering locations/index
Completed in 9ms (View: 6, DB: 0) | 200 OK [http://localhost/]


Processing LocationsController#show (for 127.0.0.1 at 2013-01-22 18:00:19) [GET]
  Parameters: {"id"=>"2"}
  [4;36;1mLocation Load (0.1ms)[0m   [0;1mSELECT * FROM "locations" WHERE ("locations"."id" = 2) [0m
Rendering template within layouts/locations
Rendering locations/show
Completed in 6ms (View: 2, DB: 0) | 200 OK [http://localhost/locations/2]


Processing LocationsController#show (for 127.0.0.1 at 2013-01-22 18:00:27) [GET]
  Parameters: {"id"=>"2"}
  [4;35;1mLocation Load (0.1ms)[0m   [0mSELECT * FROM "locations" WHERE ("locations"."id" = 2) [0m
Rendering template within layouts/locations
Rendering locations/show
Completed in 5ms (View: 2, DB: 0) | 200 OK [http://localhost/locations/2]


Processing LocationsController#index (for 127.0.0.1 at 2013-01-22 18:02:14) [GET]
  [4;36;1mLocation Load (0.3ms)[0m   [0;1mSELECT * FROM "locations" [0m
Rendering template within layouts/locations
Rendering locations/index
Completed in 10ms (View: 6, DB: 0) | 200 OK [http://localhost/]


Processing LocationsController#show (for 127.0.0.1 at 2013-01-22 18:02:19) [GET]
  Parameters: {"id"=>"2"}

RuntimeError (false):
  app/controllers/locations_controller.rb:26:in `show'

Rendered rescues/_trace (72.9ms)
Rendered rescues/_request_and_response (1.1ms)
Rendering rescues/layout (internal_server_error)


Processing LocationsController#index (for 127.0.0.1 at 2013-01-22 18:02:58) [GET]
  [4;35;1mLocation Load (0.3ms)[0m   [0mSELECT * FROM "locations" [0m
Rendering template within layouts/locations
Rendering locations/index
Completed in 10ms (View: 6, DB: 0) | 200 OK [http://localhost/]


Processing LocationsController#show (for 127.0.0.1 at 2013-01-22 18:03:03) [GET]
  Parameters: {"id"=>"2"}

RuntimeError (false):
  app/controllers/locations_controller.rb:26:in `show'

Rendered rescues/_trace (25.8ms)
Rendered rescues/_request_and_response (0.3ms)
Rendering rescues/layout (internal_server_error)


Processing LocationsController#index (for 127.0.0.1 at 2013-01-22 18:03:17) [GET]
  [4;36;1mLocation Load (0.5ms)[0m   [0;1mSELECT * FROM "locations" [0m
Rendering template within layouts/locations
Rendering locations/index
Completed in 10ms (View: 6, DB: 0) | 200 OK [http://localhost/]


Processing LocationsController#show (for 127.0.0.1 at 2013-01-22 18:03:20) [GET]
  Parameters: {"id"=>"2"}
  [4;35;1mLocation Load (0.1ms)[0m   [0mSELECT * FROM "locations" WHERE ("locations"."id" = 2) [0m
Rendering template within layouts/locations
Rendering locations/show
Completed in 6ms (View: 2, DB: 0) | 200 OK [http://localhost/locations/2]


Processing LocationsController#edit (for 127.0.0.1 at 2013-01-22 18:03:26) [GET]
  Parameters: {"id"=>"2"}
  [4;36;1mLocation Load (0.2ms)[0m   [0;1mSELECT * FROM "locations" WHERE ("locations"."id" = 2) [0m
Rendering template within layouts/locations
Rendering locations/edit
Completed in 14ms (View: 10, DB: 0) | 200 OK [http://localhost/locations/2/edit]


Processing LocationsController#index (for 127.0.0.1 at 2013-01-22 18:29:01) [GET]
  [4;36;1mLocation Load (0.5ms)[0m   [0;1mSELECT * FROM "locations" [0m
Rendering template within layouts/locations
Rendering locations/index
Completed in 68ms (View: 20, DB: 0) | 200 OK [http://localhost/]


Processing LocationsController#show (for 127.0.0.1 at 2013-01-22 18:29:47) [GET]
  Parameters: {"id"=>"1"}
  [4;35;1mLocation Load (0.1ms)[0m   [0mSELECT * FROM "locations" WHERE ("locations"."id" = 1) [0m
Rendering template within layouts/locations
Rendering locations/show
Completed in 8ms (View: 4, DB: 0) | 200 OK [http://localhost/locations/1]


Processing LocationsController#show (for 127.0.0.1 at 2013-01-22 18:29:51) [GET]
  Parameters: {"id"=>"2"}
  [4;36;1mLocation Load (0.1ms)[0m   [0;1mSELECT * FROM "locations" WHERE ("locations"."id" = 2) [0m
Rendering template within layouts/locations
Rendering locations/show
Completed in 5ms (View: 2, DB: 0) | 200 OK [http://localhost/locations/2]
